INFO: 2022/03/23 09:53:41 main.go:22: starting to open database
INFO: 2022/03/23 09:53:41 main.go:35: starting to read config file
INFO: 2022/03/23 09:53:41 rpc.go:106: starting prc server on port: 10000
INFO: 2022/03/23 09:53:41 main.go:42: starting to mine, mining interval:5s
INFO: 2022/03/23 09:53:46 main.go:47: generate block, height: 1
INFO: 2022/03/23 09:53:51 main.go:47: generate block, height: 2
INFO: 2022/03/23 09:53:56 main.go:47: generate block, height: 3
INFO: 2022/03/23 09:54:01 main.go:47: generate block, height: 4
INFO: 2022/03/23 09:54:06 rpc.go:71: submit auxblock: [02000000010000000000000000000000000000000000000000000000000000000000000000ffffffff4b0313ee0904a880495b742f4254432e434f4d2ffabe6d6d9581ba0156314f1e92fd03430c6e4428a32bb3f1b9dc627102498e5cfbf26261020000004204cb9a010f32a00601000000000000ffffffff0200000000000000001976a914c0174e89bd93eacd1d5a1af4ba1802d412afc08688ac0000000000000000266a24aa21a9ede2f61c3f71d1defd3fa999dfa36953755c690689799962b48bebd836974e8cf90000000014acac4ee8fdd8ca7e0b587b35fce8c996c70aefdf24c333038bdba7af531266000000000001ccc205f0e1cb435f50cc2f63edd53186b414fcb22b719da8c59eab066cf30bdb0000000000000020d1061d1e456cae488c063838b64c4911ce256549afadfc6a4736643359141b01551e4d94f9e8b6b03eec92bb6de1e478a0e913e5f733f5884857a7c2b965f53ca880495bffff7f20a880495b] from: [127.0.0.1:10000]
ERROR: 2022/03/23 09:54:06 rpc.go:77: block database error
INFO: 2022/03/23 09:54:06 main.go:47: generate block, height: 5
INFO: 2022/03/23 09:54:11 main.go:47: generate block, height: 6
INFO: 2022/03/23 09:54:16 main.go:47: generate block, height: 7
INFO: 2022/03/23 09:54:21 main.go:47: generate block, height: 8
INFO: 2022/03/23 09:54:26 main.go:47: generate block, height: 9
INFO: 2022/03/23 09:54:31 main.go:47: generate block, height: 10
INFO: 2022/03/23 09:55:22 main.go:22: starting to open database
INFO: 2022/03/23 09:55:22 main.go:35: starting to read config file
INFO: 2022/03/23 09:55:22 rpc.go:107: starting prc server on port: 10000
INFO: 2022/03/23 09:55:22 main.go:42: starting to mine, mining interval:5s
INFO: 2022/03/23 09:55:27 main.go:47: generate block, height: 1
INFO: 2022/03/23 09:55:32 main.go:47: generate block, height: 2
INFO: 2022/03/23 09:55:37 rpc.go:62: return aux block hash: [0fb7f2b9cf5f9b1fa3abef7ae9e4d0f3ce439ec4076d3d1957a0118cfc137c0e] to: [127.0.0.1:10000]
INFO: 2022/03/23 09:55:37 main.go:47: generate block, height: 3
INFO: 2022/03/23 09:55:40 rpc.go:62: return aux block hash: [05b5006deefd32be637ceb4f4bb85eb757efd63ee18a994d43d26a0404e2a39e] to: [127.0.0.1:10000]
INFO: 2022/03/23 09:55:42 main.go:47: generate block, height: 4
INFO: 2022/03/23 09:55:47 main.go:47: generate block, height: 5
INFO: 2022/03/23 09:55:52 main.go:47: generate block, height: 6
INFO: 2022/03/23 10:16:50 main.go:22: starting to open database
INFO: 2022/03/23 10:16:50 main.go:35: starting to read config file
INFO: 2022/03/23 10:16:50 rpc.go:107: starting prc server on port: 10000
INFO: 2022/03/23 10:16:50 main.go:41: starting to mine, mining interval:5s
INFO: 2022/03/23 10:16:54 rpc.go:62: return aux block hash: [330b969f39a74b3c10e3c5f06188e26635138a8f54c0046cde41c709c5b16117] to: [127.0.0.1:10000]
INFO: 2022/03/23 10:16:55 main.go:46: generate block, height: 1
INFO: 2022/03/23 10:17:00 main.go:46: generate block, height: 2
INFO: 2022/03/23 10:17:05 main.go:46: generate block, height: 3
INFO: 2022/03/23 10:17:10 main.go:46: generate block, height: 4
INFO: 2022/03/23 10:17:10 rpc.go:62: return aux block hash: [3dbfb2383b344cf9c5d760be7b185d006c347c5c6e0f11258e70da85c6f9bf79] to: [127.0.0.1:10000]
INFO: 2022/03/23 10:17:15 main.go:46: generate block, height: 5
INFO: 2022/03/23 10:17:35 main.go:22: starting to open database
INFO: 2022/03/23 10:18:01 main.go:22: starting to open database
INFO: 2022/03/23 10:18:01 main.go:35: starting to read config file
INFO: 2022/03/23 10:18:01 rpc.go:107: starting prc server on port: 10000
INFO: 2022/03/23 10:18:01 main.go:41: starting to mine, mining interval:5s
INFO: 2022/03/23 10:18:05 rpc.go:62: return aux block hash: [637d71676d462eae1165c9af8c224db5c22ecc8493207965d99881047c1cadb1] to: [127.0.0.1:10000]
INFO: 2022/03/23 10:18:06 main.go:46: generate block, height: 1
INFO: 2022/03/23 10:20:24 main.go:22: starting to open database
INFO: 2022/03/23 10:20:24 main.go:35: starting to read config file
INFO: 2022/03/23 10:20:24 rpc.go:109: starting prc server on port: 10000
INFO: 2022/03/23 10:20:24 main.go:41: starting to mine, mining interval:5s
INFO: 2022/03/23 10:20:27 rpc.go:64: return aux block hash: [2fd08b13179c08009d8014ded47c4e0e366cecd28b4720159583e264842942a0] to: [127.0.0.1:10000]
INFO: 2022/03/23 10:20:29 main.go:46: generate block, height: 1
INFO: 2022/03/23 10:20:34 main.go:46: generate block, height: 2
INFO: 2022/03/23 10:20:39 main.go:46: generate block, height: 3
INFO: 2022/03/23 10:25:07 main.go:23: starting to open database
INFO: 2022/03/23 10:25:07 main.go:36: starting to read config file
INFO: 2022/03/23 10:27:18 main.go:22: starting to open database
INFO: 2022/03/23 10:27:18 main.go:35: starting to read config file
INFO: 2022/03/23 10:27:18 rpc.go:109: starting prc server on port: 10000
INFO: 2022/03/23 10:27:18 main.go:42: starting to mine, mining interval:5s
INFO: 2022/03/23 10:27:20 rpc.go:64: return aux block hash: [9118b5fb884fcd24496ccbff2b4f0a627436a789a5b3c57781fa79e8a80da9f8] to: [127.0.0.1:10000]
INFO: 2022/03/23 10:27:23 main.go:47: generate block, height: 1
INFO: 2022/03/23 10:27:24 rpc.go:64: return aux block hash: [965c9af134a9adf42f7c6d6fe3d2ef9d7740f265bc77f35b0a3458f5a32cd068] to: [127.0.0.1:10000]
INFO: 2022/03/23 10:27:28 main.go:47: generate block, height: 2
INFO: 2022/03/23 10:28:27 main.go:22: starting to open database
INFO: 2022/03/23 10:28:27 main.go:35: starting to read config file
INFO: 2022/03/23 10:28:27 rpc.go:107: starting prc server on port: 10000
INFO: 2022/03/23 10:28:27 main.go:42: starting to mine, mining interval:5s
INFO: 2022/03/23 10:28:32 main.go:47: generate block, height: 1
INFO: 2022/03/23 10:28:37 main.go:47: generate block, height: 2
INFO: 2022/03/23 10:28:42 main.go:47: generate block, height: 3
INFO: 2022/03/23 10:28:45 rpc.go:62: return aux block hash: [33bb460660c0533fe39d613f6c504a7164e0a07d0d8b8839d3293e56d30c45f1] to: [127.0.0.1:10000]
INFO: 2022/03/23 10:28:47 main.go:47: generate block, height: 4
